<?xml version="1.0" encoding="UTF-8"?>
<!-- Generated by org.testng.reporters.JUnitReportReporter -->
<testsuite hostname="DESKTOP-8V01PNV" failures="0" tests="1" name="testCases.TC_001_AccountRegistrationTest" time="3.400" errors="0" timestamp="2022-11-18T22:41:49 CST" skipped="0">
  <testcase classname="testCases.TC_001_AccountRegistrationTest" name="test_account_Registration" time="3.400"/>
  <system-out/>
</testsuite> <!-- testCases.TC_001_AccountRegistrationTest -->
