<?xml version="1.0" encoding="UTF-8"?>
<!-- Generated by org.testng.reporters.JUnitReportReporter -->
<testsuite hostname="DESKTOP-8V01PNV" failures="0" tests="1" name="testCases.TC_002_LoginTest" time="1.020" errors="0" timestamp="2022-11-20T21:01:09 CST" skipped="0">
  <testcase classname="testCases.TC_002_LoginTest" name="test_Login" time="1.020"/>
  <system-out/>
</testsuite> <!-- testCases.TC_002_LoginTest -->
