<?xml version="1.0" encoding="UTF-8"?>
<!-- Generated by org.testng.reporters.JUnitReportReporter -->
<testsuite hostname="DESKTOP-8V01PNV" failures="0" tests="1" name="testCases.TC_002_LoginTest" time="0.918" errors="0" timestamp="2022-11-21T10:45:22 CST" skipped="0">
  <testcase classname="testCases.TC_002_LoginTest" name="test_Login" time="0.918"/>
  <system-out/>
</testsuite> <!-- testCases.TC_002_LoginTest -->
